<?xml version="1.0" encoding="UTF-8"?>
<!-- Generated by org.testng.reporters.JUnitReportReporter -->
<testsuite hostname="IN-PG02NMXP" failures="0" tests="3" name="com.nagarro.test.TestClass" time="0.020" errors="0" timestamp="2023-08-09T12:02:55 IST" skipped="0">
  <testcase classname="com.nagarro.test.TestClass" name="TestCase3" time="0.000"/>
  <system-out/>
  <testcase classname="com.nagarro.test.TestClass" name="TestCase1" time="0.020"/>
  <system-out/>
  <testcase classname="com.nagarro.test.TestClass" name="TestCase2" time="0.000"/>
  <system-out/>
</testsuite> <!-- com.nagarro.test.TestClass -->
