<?xml version="1.0" encoding="UTF-8"?>
<!-- Generated by org.testng.reporters.JUnitReportReporter -->
<testsuite hostname="IN-PG02NMXP" failures="0" tests="2" name="com.nagarro.test.TestClass" time="0.010" errors="0" timestamp="2023-08-04T19:58:53 IST" skipped="0">
  <testcase classname="com.nagarro.test.TestClass" name="TestCase1" time="0.010"/>
  <system-out/>
  <testcase classname="com.nagarro.test.TestClass" name="TestCase2" time="0.000"/>
  <system-out/>
</testsuite> <!-- com.nagarro.test.TestClass -->
